<?xml version="1.0" encoding="UTF-8"?>
<testng-results skipped="0" failed="0" total="1" passed="1">
  <reporter-output>
  </reporter-output>
  <suite name="Suite" duration-ms="102116" started-at="2019-09-04T12:06:14Z" finished-at="2019-09-04T12:07:56Z">
    <groups>
    </groups>
    <test name="Test" duration-ms="102116" started-at="2019-09-04T12:06:14Z" finished-at="2019-09-04T12:07:56Z">
      <class name="com.testScripts_General.MakeMyTripJourney">
        <test-method status="PASS" signature="setUpSuiteDetails(org.testng.ITestContext)[pri:0, instance:com.testScripts_General.MakeMyTripJourney@7a765367]" name="setUpSuiteDetails" is-config="true" duration-ms="192" started-at="2019-09-04T17:36:14Z" finished-at="2019-09-04T17:36:14Z">
          <params>
            <param index="0">
              <value>
                <![CDATA[org.testng.TestRunner@47311277]]>
              </value>
            </param>
          </params>
          <reporter-output>
          </reporter-output>
        </test-method> <!-- setUpSuiteDetails -->
        <test-method status="PASS" signature="BeforeClass()[pri:0, instance:com.testScripts_General.MakeMyTripJourney@7a765367]" name="BeforeClass" is-config="true" duration-ms="3101" started-at="2019-09-04T17:36:14Z" finished-at="2019-09-04T17:36:17Z">
          <reporter-output>
          </reporter-output>
        </test-method> <!-- BeforeClass -->
        <test-method status="PASS" signature="captureDesc(java.lang.reflect.Method)[pri:0, instance:com.testScripts_General.MakeMyTripJourney@7a765367]" name="captureDesc" is-config="true" duration-ms="1" started-at="2019-09-04T17:36:17Z" finished-at="2019-09-04T17:36:17Z">
          <params>
            <param index="0">
              <value>
                <![CDATA[public void com.testScripts_General.MakeMyTripJourney.f(java.lang.String) throws java.lang.Throwable]]>
              </value>
            </param>
          </params>
          <reporter-output>
          </reporter-output>
        </test-method> <!-- captureDesc -->
        <test-method status="PASS" signature="f(java.lang.String)[pri:0, instance:com.testScripts_General.MakeMyTripJourney@7a765367]" name="f" duration-ms="86524" started-at="2019-09-04T17:36:17Z" description="Scenario:1 - Test the functionality of Consumer with valid flow" finished-at="2019-09-04T17:37:43Z">
          <params>
            <param index="0">
              <value>
                <![CDATA[1]]>
              </value>
            </param>
          </params>
          <reporter-output>
          </reporter-output>
        </test-method> <!-- f -->
        <test-method status="PASS" signature="afterClass()[pri:0, instance:com.testScripts_General.MakeMyTripJourney@7a765367]" name="afterClass" is-config="true" duration-ms="10449" started-at="2019-09-04T17:37:45Z" finished-at="2019-09-04T17:37:56Z">
          <reporter-output>
          </reporter-output>
        </test-method> <!-- afterClass -->
        <test-method status="PASS" signature="afterSuite()[pri:0, instance:com.testScripts_General.MakeMyTripJourney@7a765367]" name="afterSuite" is-config="true" duration-ms="74" started-at="2019-09-04T17:37:56Z" finished-at="2019-09-04T17:37:56Z">
          <reporter-output>
          </reporter-output>
        </test-method> <!-- afterSuite -->
      </class> <!-- com.testScripts_General.MakeMyTripJourney -->
    </test> <!-- Test -->
  </suite> <!-- Suite -->
</testng-results>
